\BOOKMARK [0][-]{chapter.1}{\332vod}{}% 1
\BOOKMARK [0][-]{chapter.2}{\376\377\000D\000e\000f\000i\000n\000i\000c\000e\000\040\000p\000o\000j\000m\001\157}{}% 2
\BOOKMARK [1][-]{section.2.1}{\040E-learning}{chapter.2}% 3
\BOOKMARK [1][-]{section.2.2}{\376\377\000\040\000D\000i\000s\000t\000a\000n\001\015\000n\000\355\000\040\000v\000z\000d\001\033\000l\000\341\000v\000\341\000n\000\355}{chapter.2}% 4
\BOOKMARK [1][-]{section.2.3}{\040Learning\040management\040system}{chapter.2}% 5
\BOOKMARK [1][-]{section.2.4}{\040Learning\040Tools\040Interoperability}{chapter.2}% 6
\BOOKMARK [0][-]{chapter.3}{LMS\040Moodle}{}% 7
\BOOKMARK [1][-]{section.3.1}{\040Co\040je\040to\040Moodle?}{chapter.3}% 8
\BOOKMARK [1][-]{section.3.2}{\040Historie}{chapter.3}% 9
\BOOKMARK [1][-]{section.3.3}{\040Vlastnosti\040Moodlu}{chapter.3}% 10
\BOOKMARK [2][-]{subsection.3.3.1}{\040Licence}{section.3.3}% 11
\BOOKMARK [2][-]{subsection.3.3.2}{\040Prerekvizity}{section.3.3}% 12
\BOOKMARK [2][-]{subsection.3.3.3}{\040Rozvoj}{section.3.3}% 13
\BOOKMARK [2][-]{subsection.3.3.4}{\040V\375hody\040a\040nev\375hody}{section.3.3}% 14
\BOOKMARK [1][-]{section.3.4}{\040Kurz}{chapter.3}% 15
\BOOKMARK [2][-]{subsection.3.4.1}{\040Rozlo\236en\355}{section.3.4}% 16
\BOOKMARK [2][-]{subsection.3.4.2}{\040V\375ukov\351\040moduly}{section.3.4}% 17
\BOOKMARK [2][-]{subsection.3.4.3}{\040Bloky}{section.3.4}% 18
\BOOKMARK [1][-]{section.3.5}{\040U\236ivatelsk\351\040role\040a\040kontext}{chapter.3}% 19
\BOOKMARK [1][-]{section.3.6}{\376\377\000\040\000V\000y\000t\000v\000o\001\131\000e\000n\000\355\000\040\000k\000u\000r\000z\000u\000\040\000a\000\040\000j\000e\000h\000o\000\040\000n\000a\000s\000t\000a\000v\000e\000n}{chapter.3}% 20
\BOOKMARK [0][-]{chapter.4}{Maple\040T.A.}{}% 21
\BOOKMARK [1][-]{section.4.1}{\040Co\040je\040to\040Maple\040T.A.?}{chapter.4}% 22
\BOOKMARK [1][-]{section.4.2}{\040Licencov\341n\355}{chapter.4}% 23
\BOOKMARK [1][-]{section.4.3}{\376\377\000\040\000P\001\131\000e\000d\000p\000o\000k\000l\000a\000d\000y\000\040\000p\000r\000o\000\040\000i\000n\000s\000t\000a\000l\000a\000c\000i}{chapter.4}% 24
\BOOKMARK [1][-]{section.4.4}{\040Z\341klady\040aplikace}{chapter.4}% 25
\BOOKMARK [2][-]{subsection.4.4.1}{\040Ot\341zka\040\(Question\)}{section.4.4}% 26
\BOOKMARK [2][-]{subsection.4.4.2}{\040\332kol\040\(Assignment\)}{section.4.4}% 27
\BOOKMARK [2][-]{subsection.4.4.3}{\040Kniha\040hodnocen\355\040\(Gradebook\)}{section.4.4}% 28
\BOOKMARK [1][-]{section.4.5}{\040U\236ivatelsk\351\040role}{chapter.4}% 29
\BOOKMARK [1][-]{section.4.6}{\376\377\000\040\000V\000y\000t\000v\000o\001\131\000e\000n\000\355\000\040\000\372\000k\000o\000l\000u}{chapter.4}% 30
\BOOKMARK [0][-]{chapter.5}{Anal\375za}{}% 31
\BOOKMARK [1][-]{section.5.1}{\376\377\000\040\000S\000t\000r\000u\000k\000t\000u\000r\000a\000\040\000z\000d\000r\000o\000j\000o\000v\000\375\000c\000h\000\040\000k\000\363\000d\001\157\000\040\000M\000o\000o\000d\000l\000u}{chapter.5}% 32
\BOOKMARK [1][-]{section.5.2}{\376\377\000\040\000A\000n\000a\000l\000\375\000z\000a\000\040\000k\000o\000n\000e\000k\000t\000o\000r\001\157\000\040\000o\000d\000\040\000M\000a\000p\000l\000e\000\040\000T\000.\000A\000.}{chapter.5}% 33
\BOOKMARK [2][-]{subsection.5.2.1}{\040Klasick\375\040konektor}{section.5.2}% 34
\BOOKMARK [2][-]{subsection.5.2.2}{\040LTI\040konektor}{section.5.2}% 35
\BOOKMARK [0][-]{chapter.6}{Implementace}{}% 36
\BOOKMARK [1][-]{section.6.1}{\040Webov\351\040slu\236by\040Maple\040T.A.}{chapter.6}% 37
\BOOKMARK [2][-]{subsection.6.1.1}{\376\377\000\040\000K\000o\000n\000t\000r\000o\000l\000a\000\040\000p\001\131\000i\000p\000o\000j\000e\000n\000\355}{section.6.1}% 38
\BOOKMARK [2][-]{subsection.6.1.2}{\376\377\000\040\000V\000y\000t\000v\000o\001\131\000e\000n\000\355\000\040\000a\000\040\000u\000k\000o\000n\001\015\000e\000n\000\355\000\040\000r\000e\000l\000a\000c\000e}{section.6.1}% 39
\BOOKMARK [2][-]{subsection.6.1.3}{\040Z\355sk\341v\341n\355\040a\040manipulace\040s\040daty}{section.6.1}% 40
\BOOKMARK [2][-]{subsection.6.1.4}{\040Maple\040T.A.\040Launcher\040slu\236by}{section.6.1}% 41
\BOOKMARK [2][-]{subsection.6.1.5}{\040Grade\040pushing}{section.6.1}% 42
\BOOKMARK [2][-]{subsection.6.1.6}{\040Monitoring}{section.6.1}% 43
\BOOKMARK [1][-]{section.6.2}{\040N\341vrh\040a\040porovn\341n\355\040s\040ostatn\355mi\040konektory}{chapter.6}% 44
\BOOKMARK [1][-]{section.6.3}{\040Datab\341zov\375\040model}{chapter.6}% 45
\BOOKMARK [1][-]{section.6.4}{\040Struktura\040modulu\040a\040jej\355\040realizace}{chapter.6}% 46
\BOOKMARK [1][-]{section.6.5}{\040Detaily\040implementace}{chapter.6}% 47
\BOOKMARK [2][-]{subsection.6.5.1}{\376\377\000\040\000V\000y\000t\000o\000v\001\131\000e\000n\000\355\000\040\000n\000o\000v\000\351\000\040\000i\000n\000s\000t\000a\000n\000c\000e}{section.6.5}% 48
\BOOKMARK [2][-]{subsection.6.5.2}{\040Nov\341\040napl\341novan\341\040\372loha}{section.6.5}% 49
\BOOKMARK [0][-]{chapter.7}{Diskuze}{}% 50
\BOOKMARK [0][-]{chapter.8}{\376\377\000Z\000\341\000v\001\033\000r}{}% 51
\BOOKMARK [0][-]{chapter*.6}{Bibliografie}{}% 52
\BOOKMARK [0][-]{section*.9}{\376\377\000R\000e\000j\000s\000t\001\131\000\355\000k}{}% 53
\BOOKMARK [0][-]{chapter.A1}{An\040appendix}{}% 54
